0 info it worked if it ends with ok
1 verbose cli [ '/usr/bin/nodejs', '/usr/local/bin/npm', 'publish' ]
2 info using npm@3.3.12
3 info using node@v4.2.6
4 verbose publish [ '.' ]
5 silly cache add args [ '.', null ]
6 verbose cache add spec .
7 silly cache add parsed spec Result {
7 silly cache add   raw: '.',
7 silly cache add   scope: null,
7 silly cache add   name: null,
7 silly cache add   rawSpec: '.',
7 silly cache add   spec: '/home/marcelo/Programs/FourLabs/x-div',
7 silly cache add   type: 'directory' }
8 verbose addLocalDirectory /home/marcelo/.npm/x-div/1.0.1/package.tgz not in flight; packing
9 info lifecycle x-div@1.0.1~prepublish: x-div@1.0.1
10 silly lifecycle x-div@1.0.1~prepublish: no script for prepublish, continuing
11 verbose tar pack [ '/home/marcelo/.npm/x-div/1.0.1/package.tgz',
11 verbose tar pack   '/home/marcelo/Programs/FourLabs/x-div' ]
12 verbose tarball /home/marcelo/.npm/x-div/1.0.1/package.tgz
13 verbose folder /home/marcelo/Programs/FourLabs/x-div
14 verbose addLocalTarball adding from inside cache /home/marcelo/.npm/x-div/1.0.1/package.tgz
15 silly cache afterAdd x-div@1.0.1
16 verbose afterAdd /home/marcelo/.npm/x-div/1.0.1/package/package.json not in flight; writing
17 verbose afterAdd /home/marcelo/.npm/x-div/1.0.1/package/package.json written
18 silly publish { name: 'x-div',
18 silly publish   version: '1.0.1',
18 silly publish   description: 'Web Component to load Javascript modules',
18 silly publish   main: 'index.js',
18 silly publish   scripts: { test: 'echo "Error: no test specified" && exit 1' },
18 silly publish   author: { name: 'Four Labs' },
18 silly publish   license: 'ISC',
18 silly publish   devDependencies: { grunt: '^0.4.5', jasmine: '^2.4.1' },
18 silly publish   dependencies: {},
18 silly publish   readme: '# x-div Web Component\n\nCheck for browser compatibility  [here](http://caniuse.com/#search=components "can I use: web components").\n\nUse it like:\n\n**myPage.html**\n```html\n  <x-div data-controller="js/mycontroller.js"> </x-div>\n```\n***mycontroller.js***\n```javascript\n  xController(function (element){    \n    var whoisThis = (this === element) ? true : false; //true;\n  });\n```\n\nThe xController receives a callback which receives the element it is inserted\ninto as an argument.\n\n## Installation\n**NPM**\n```\nnpm install x-div\n```\n**Bower**\n\n```\nbower install x-div\n```\n',
18 silly publish   readmeFilename: 'README.md',
18 silly publish   gitHead: 'd3b3f0870402c80df41d71711e298b09b699b295',
18 silly publish   _id: 'x-div@1.0.1',
18 silly publish   _shasum: '0c47ea2022f0be9cef87e6b862f1ce90d83cbbad',
18 silly publish   _from: '.' }
19 verbose getPublishConfig undefined
20 silly mapToRegistry name x-div
21 silly mapToRegistry using default registry
22 silly mapToRegistry registry https://registry.npmjs.org/
23 silly mapToRegistry uri https://registry.npmjs.org/x-div
24 verbose publish registryBase https://registry.npmjs.org/
25 silly publish uploading /home/marcelo/.npm/x-div/1.0.1/package.tgz
26 verbose request uri https://registry.npmjs.org/x-div
27 verbose request sending authorization for write operation
28 info attempt registry request try #1 at 11:39:28 AM
29 verbose request using bearer token for auth
30 verbose request id bf8652e85261b00c
31 http request PUT https://registry.npmjs.org/x-div
32 http 403 https://registry.npmjs.org/x-div
33 verbose headers { 'content-type': 'application/json',
33 verbose headers   'cache-control': 'max-age=300',
33 verbose headers   'content-length': '97',
33 verbose headers   'accept-ranges': 'bytes',
33 verbose headers   date: 'Mon, 29 Feb 2016 11:39:29 GMT',
33 verbose headers   via: '1.1 varnish',
33 verbose headers   connection: 'keep-alive',
33 verbose headers   'x-served-by': 'cache-ams4142-AMS',
33 verbose headers   'x-cache': 'MISS',
33 verbose headers   'x-cache-hits': '0',
33 verbose headers   'x-timer': 'S1456745968.450192,VS0,VE1023' }
34 verbose request invalidating /home/marcelo/.npm/registry.npmjs.org/x-div on PUT
35 error publish Failed PUT 403
36 verbose stack Error: You do not have permission to publish 'x-div'. Are you logged in as the correct user? : x-div
36 verbose stack     at makeError (/usr/local/lib/node_modules/npm/node_modules/npm-registry-client/lib/request.js:264:12)
36 verbose stack     at CachingRegistryClient.<anonymous> (/usr/local/lib/node_modules/npm/node_modules/npm-registry-client/lib/request.js:252:14)
36 verbose stack     at Request._callback (/usr/local/lib/node_modules/npm/node_modules/npm-registry-client/lib/request.js:172:14)
36 verbose stack     at Request.self.callback (/usr/local/lib/node_modules/npm/node_modules/request/request.js:198:22)
36 verbose stack     at emitTwo (events.js:87:13)
36 verbose stack     at Request.emit (events.js:172:7)
36 verbose stack     at Request.<anonymous> (/usr/local/lib/node_modules/npm/node_modules/request/request.js:1082:10)
36 verbose stack     at emitOne (events.js:82:20)
36 verbose stack     at Request.emit (events.js:169:7)
36 verbose stack     at IncomingMessage.<anonymous> (/usr/local/lib/node_modules/npm/node_modules/request/request.js:1009:12)
37 verbose statusCode 403
38 verbose pkgid x-div
39 verbose cwd /home/marcelo/Programs/FourLabs/x-div
40 error Linux 3.19.0-31-generic
41 error argv "/usr/bin/nodejs" "/usr/local/bin/npm" "publish"
42 error node v4.2.6
43 error npm  v3.3.12
44 error code E403
45 error You do not have permission to publish 'x-div'. Are you logged in as the correct user? : x-div
46 error If you need help, you may report this error at:
46 error     <https://github.com/npm/npm/issues>
47 verbose exit [ 1, true ]
